<?xml version="1.0" encoding="UTF-8"?>
<!-- Generated by org.testng.reporters.JUnitReportReporter -->
<testsuite skipped="0" hostname="Fredricks-MacBook-Pro.local" name="testcases.CustomerLogin$TestCases" tests="5" failures="0" timestamp="28 Jan 2020 13:48:04 GMT" time="12.413" errors="0">
  <testcase name="OpenBrowser" time="7.835" classname="testcases.CustomerLogin$TestCases"/>
  <testcase name="VerifyClickCustomer" time="1.875" classname="testcases.CustomerLogin$TestCases"/>
  <testcase name="VerifySelectCustomer" time="0.714" classname="testcases.CustomerLogin$TestCases"/>
  <testcase name="VerifyLogin" time="0.097" classname="testcases.CustomerLogin$TestCases"/>
  <testcase name="VerifyWithdraw" time="1.892" classname="testcases.CustomerLogin$TestCases"/>
</testsuite> <!-- testcases.CustomerLogin$TestCases -->
